<?xml version="1.0" encoding="utf-8"?><testsuites name="pytest tests"><testsuite name="pytest" errors="0" failures="1" skipped="0" tests="24" time="5.005" timestamp="2026-09-02T14:55:27.610161+00:00" hostname="agent-env-6ffdc78f-fa55-4dd8-904c-8cc89b933e18"><testcase classname="tests.backend_test.TestPublicSeed" name="test_seeded_counts[team-15]" time="0.591" /><testcase classname="tests.backend_test.TestAuth" name="test_login_success" time="0.588" /><testcase classname="tests.backend_test.TestAuth" name="test_me" time="0.235" /><testcase classname="tests.backend_test.TestPublicSeed" name="test_seeded_counts[programs-6]" time="0.233" /><testcase classname="tests.backend_test.TestAuth" name="test_wrong_password" time="0.436" /><testcase classname="tests.backend_test.TestPublicSeed" name="test_seeded_counts[timeline-7]" time="0.149" /><testcase classname="tests.backend_test.TestPublicSeed" name="test_seeded_counts[news-6]" time="0.305" /><testcase classname="tests.backend_test.TestAuth" name="test_mutation_without_token" time="0.163" /><testcase classname="tests.backend_test.TestPublicSeed" name="test_seeded_counts[archives-6]" time="0.241" /><testcase classname="tests.backend_test.TestCRUD" name="test_team_crud" time="0.897" /><testcase classname="tests.backend_test.TestPublicSeed" name="test_seeded_counts[memories-8]" time="0.197" /><testcase classname="tests.backend_test.TestPublicSeed" name="test_location" time="0.195" /><testcase classname="tests.backend_test.TestPublicSeed" name="test_settings" time="0.167" /><testcase classname="tests.backend_test.TestPublicSeed" name="test_stats" time="0.228" /><testcase classname="tests.backend_test.TestCRUD" name="test_programs_crud" time="0.760" /><testcase classname="tests.backend_test.TestUpload" name="test_upload_png_success" time="0.971"><failure message="assert 403 == 200&#10; +  where 403 = &lt;Response [403]&gt;.status_code">backend/tests/backend_test.py:199: in test_upload_png_success
    assert r2.status_code == 200
E   assert 403 == 200
E    +  where 403 = &lt;Response [403]&gt;.status_code</failure></testcase><testcase classname="tests.backend_test.TestCRUD" name="test_news_crud_and_slug" time="0.640" /><testcase classname="tests.backend_test.TestUpload" name="test_upload_txt_rejected" time="0.148" /><testcase classname="tests.backend_test.TestUpload" name="test_upload_unauthorized" time="0.148" /><testcase classname="tests.backend_test.TestActivityLogs" name="test_logs_requires_auth" time="0.157" /><testcase classname="tests.backend_test.TestHealth" name="test_health" time="0.127" /><testcase classname="tests.backend_test.TestActivityLogs" name="test_logs_have_login" time="0.141" /><testcase classname="tests.backend_test.TestHealth" name="test_health_db" time="0.125" /><testcase classname="tests.backend_test.TestSettings" name="test_update_settings" time="0.541" /></testsuite></testsuites>